Using pre-set license
Built from '2020.3/staging' branch; Version is '2020.3.5f1 (8095aa901b9b) revision 8426922'; Using compiler version '192528614'; Build Type 'Release'
OS: 'Windows 10 Pro; OS build 19042.1237; Version 2009; 64bit' Language: 'en' Physical Memory: 16303 MB
BatchMode: 1, IsHumanControllingUs: 0, StartBugReporterOnCrash: 0, Is64bit: 1, IsPro: 0

 COMMAND LINE ARGUMENTS:
C:\Program Files\Unity\Hub\Editor\2020.3.5f1\Editor\Unity.exe
-adb2
-batchMode
-noUpm
-name
AssetImportWorker0
-projectPath
D:/UNITY_PROJECTS/TURN_pipe/TURN PIPES
-logFile
Logs/AssetImportWorker0.log
-srvPort
63009
Successfully changed project path to: D:/UNITY_PROJECTS/TURN_pipe/TURN PIPES
D:/UNITY_PROJECTS/TURN_pipe/TURN PIPES
Using Asset Import Pipeline V2.
Refreshing native plugins compatible for Editor in 33.96 ms, found 1 plugins.
Preloading 0 native plugins for Editor in 0.00 ms.
Initialize engine version: 2020.3.5f1 (8095aa901b9b)
[Subsystems] Discovering subsystems at path C:/Program Files/Unity/Hub/Editor/2020.3.5f1/Editor/Data/Resources/UnitySubsystems
[Subsystems] Discovering subsystems at path D:/UNITY_PROJECTS/TURN_pipe/TURN PIPES/Assets
GfxDevice: creating device client; threaded=0
Direct3D:
    Version:  Direct3D 11.0 [level 11.1]
    Renderer: NVIDIA GeForce RTX 2060 (ID=0x1f11)
    Vendor:   
    VRAM:     5980 MB
    Driver:   27.21.14.6677
Initialize mono
Mono path[0] = 'C:/Program Files/Unity/Hub/Editor/2020.3.5f1/Editor/Data/Managed'
Mono path[1] = 'C:/Program Files/Unity/Hub/Editor/2020.3.5f1/Editor/Data/MonoBleedingEdge/lib/mono/unityjit'
Mono config path = 'C:/Program Files/Unity/Hub/Editor/2020.3.5f1/Editor/Data/MonoBleedingEdge/etc'
Using monoOptions --debugger-agent=transport=dt_socket,embedding=1,server=y,suspend=n,address=127.0.0.1:56360
Begin MonoManager ReloadAssembly
Registering precompiled unity dll's ...
Register platform support module: C:/Program Files/Unity/Hub/Editor/2020.3.5f1/Editor/Data/PlaybackEngines/WindowsStandaloneSupport/UnityEditor.WindowsStandalone.Extensions.dll
Registered in 0.001454 seconds.
Native extension for WindowsStandalone target not found
Refreshing native plugins compatible for Editor in 34.54 ms, found 1 plugins.
Preloading 0 native plugins for Editor in 0.00 ms.
Mono: successfully reloaded assembly
- Completed reload, in  0.947 seconds
Platform modules already initialized, skipping
Registering precompiled user dll's ...
Registered in 0.000646 seconds.
Begin MonoManager ReloadAssembly
Native extension for WindowsStandalone target not found
Refreshing native plugins compatible for Editor in 44.26 ms, found 1 plugins.
Preloading 0 native plugins for Editor in 0.00 ms.
Mono: successfully reloaded assembly
- Completed reload, in  0.829 seconds
Platform modules already initialized, skipping
========================================================================
Worker process is ready to serve import requests
Launched and connected shader compiler UnityShaderCompiler.exe after 0.04 seconds
Refreshing native plugins compatible for Editor in 0.36 ms, found 1 plugins.
Preloading 0 native plugins for Editor in 0.00 ms.
Unloading 1811 Unused Serialized files (Serialized files now loaded: 0)
System memory in use before: 85.2 MB.
System memory in use after: 85.1 MB.

Unloading 24 unused Assets to reduce memory usage. Loaded Objects now: 2253.
Total: 2.021700 ms (FindLiveObjects: 0.224200 ms CreateObjectMapping: 0.089000 ms MarkObjects: 1.601800 ms  DeleteObjects: 0.105800 ms)

========================================================================
Received Import Request.
  path: Assets/tiago/911-9114175_mario-brick-amber.png
  artifactKey: Guid(52e951bb6536f8749b58ce974fd4e139) Importer(815301076,1909f56bfc062723c751e8b465ee728b)
Start importing Assets/tiago/911-9114175_mario-brick-amber.png using Guid(52e951bb6536f8749b58ce974fd4e139) Importer(815301076,1909f56bfc062723c751e8b465ee728b)  -> (artifact id: '9dc42505be6cec5d3aed81404f9171ad') in 0.083164 seconds
  Import took 0.085737 seconds .

========================================================================
Received Import Request.
  Time since last request: 0.000365 seconds.
  path: Assets/tiago/Water_flow-removebg-preview (1).png
  artifactKey: Guid(2658678547e20824289d7192204c88ff) Importer(815301076,1909f56bfc062723c751e8b465ee728b)
Start importing Assets/tiago/Water_flow-removebg-preview (1).png using Guid(2658678547e20824289d7192204c88ff) Importer(815301076,1909f56bfc062723c751e8b465ee728b)  -> (artifact id: 'af4ebaa410775a2c94038d1c80ae9d5e') in 0.013795 seconds
  Import took 0.016230 seconds .

AssetImportWorkerClient::OnTransportError - code=2 error=End of file
