Using pre-set license
Built from '2020.3/staging' branch; Version is '2020.3.5f1 (8095aa901b9b) revision 8426922'; Using compiler version '192528614'; Build Type 'Release'
OS: 'Windows 10 Enterprise; OS build 17763.1935; Version 1809; 64bit' Language: 'en' Physical Memory: 32542 MB
BatchMode: 1, IsHumanControllingUs: 0, StartBugReporterOnCrash: 0, Is64bit: 1, IsPro: 0

 COMMAND LINE ARGUMENTS:
C:\Program Files\Unity\Hub\Editor\2020.3.5f1\Editor\Unity.exe
-adb2
-batchMode
-noUpm
-name
AssetImportWorker0
-projectPath
C:/Users/filipemadt/Documents/GAme Jam project/Turn Pipe Menu
-logFile
Logs/AssetImportWorker0.log
-srvPort
53303
Successfully changed project path to: C:/Users/filipemadt/Documents/GAme Jam project/Turn Pipe Menu
C:/Users/filipemadt/Documents/GAme Jam project/Turn Pipe Menu
Using Asset Import Pipeline V2.
Refreshing native plugins compatible for Editor in 28.74 ms, found 1 plugins.
Preloading 0 native plugins for Editor in 0.00 ms.
Initialize engine version: 2020.3.5f1 (8095aa901b9b)
[Subsystems] Discovering subsystems at path C:/Program Files/Unity/Hub/Editor/2020.3.5f1/Editor/Data/Resources/UnitySubsystems
[Subsystems] Discovering subsystems at path C:/Users/filipemadt/Documents/GAme Jam project/Turn Pipe Menu/Assets
GfxDevice: creating device client; threaded=0
Direct3D:
    Version:  Direct3D 11.0 [level 11.1]
    Renderer: NVIDIA GeForce RTX 2070 SUPER (ID=0x1e84)
    Vendor:   
    VRAM:     8011 MB
    Driver:   26.21.14.4259
Initialize mono
Mono path[0] = 'C:/Program Files/Unity/Hub/Editor/2020.3.5f1/Editor/Data/Managed'
Mono path[1] = 'C:/Program Files/Unity/Hub/Editor/2020.3.5f1/Editor/Data/MonoBleedingEdge/lib/mono/unityjit'
Mono config path = 'C:/Program Files/Unity/Hub/Editor/2020.3.5f1/Editor/Data/MonoBleedingEdge/etc'
Using monoOptions --debugger-agent=transport=dt_socket,embedding=1,server=y,suspend=n,address=127.0.0.1:56148
Begin MonoManager ReloadAssembly
Registering precompiled unity dll's ...
Register platform support module: C:/Program Files/Unity/Hub/Editor/2020.3.5f1/Editor/Data/PlaybackEngines/WindowsStandaloneSupport/UnityEditor.WindowsStandalone.Extensions.dll
Registered in 0.001467 seconds.
Native extension for WindowsStandalone target not found
Refreshing native plugins compatible for Editor in 28.87 ms, found 1 plugins.
Preloading 0 native plugins for Editor in 0.00 ms.
Mono: successfully reloaded assembly
- Completed reload, in  0.959 seconds
Platform modules already initialized, skipping
Registering precompiled user dll's ...
Registered in 0.001133 seconds.
Begin MonoManager ReloadAssembly
Native extension for WindowsStandalone target not found
Refreshing native plugins compatible for Editor in 28.33 ms, found 1 plugins.
Preloading 0 native plugins for Editor in 0.00 ms.
Mono: successfully reloaded assembly
- Completed reload, in  0.691 seconds
Platform modules already initialized, skipping
========================================================================
Worker process is ready to serve import requests
Launched and connected shader compiler UnityShaderCompiler.exe after 0.05 seconds
Refreshing native plugins compatible for Editor in 0.32 ms, found 1 plugins.
Preloading 0 native plugins for Editor in 0.00 ms.
Unloading 1808 Unused Serialized files (Serialized files now loaded: 0)
System memory in use before: 84.9 MB.
System memory in use after: 84.8 MB.

Unloading 24 unused Assets to reduce memory usage. Loaded Objects now: 2251.
Total: 1.830200 ms (FindLiveObjects: 0.152500 ms CreateObjectMapping: 0.062100 ms MarkObjects: 1.512800 ms  DeleteObjects: 0.102100 ms)

========================================================================
Received Import Request.
  path: Assets
  artifactKey: Guid(00000000000000001000000000000000) Importer(815301076,1909f56bfc062723c751e8b465ee728b)
Start importing Assets using Guid(00000000000000001000000000000000) Importer(815301076,1909f56bfc062723c751e8b465ee728b)  -> (artifact id: 'e4856052512617ee48189cf1d7999900') in 0.003947 seconds
  Import took 0.006284 seconds .

========================================================================
Received Import Request.
  Time since last request: 0.000253 seconds.
  path: Assets/Scenes
  artifactKey: Guid(e575da79f459326428cf3e1e41f59928) Importer(815301076,1909f56bfc062723c751e8b465ee728b)
Start importing Assets/Scenes using Guid(e575da79f459326428cf3e1e41f59928) Importer(815301076,1909f56bfc062723c751e8b465ee728b)  -> (artifact id: '514bd59b1d3cde724a6cc5f500160a81') in 0.001847 seconds
  Import took 0.003865 seconds .

========================================================================
Received Prepare
Refreshing native plugins compatible for Editor in 1.42 ms, found 1 plugins.
Preloading 0 native plugins for Editor in 0.00 ms.
Unloading 10 Unused Serialized files (Serialized files now loaded: 0)
System memory in use before: 49.2 MB.
System memory in use after: 49.1 MB.

Unloading 10 unused Assets to reduce memory usage. Loaded Objects now: 2251.
Total: 1.629500 ms (FindLiveObjects: 0.149800 ms CreateObjectMapping: 0.054800 ms MarkObjects: 1.344100 ms  DeleteObjects: 0.079500 ms)

========================================================================
Received Import Request.
  Time since last request: 7.726978 seconds.
  path: Assets/Sprites
  artifactKey: Guid(8f13f1c4bd008be47be1f00522fb4a66) Importer(815301076,1909f56bfc062723c751e8b465ee728b)
Start importing Assets/Sprites using Guid(8f13f1c4bd008be47be1f00522fb4a66) Importer(815301076,1909f56bfc062723c751e8b465ee728b)  -> (artifact id: '85ae7451c686cf90abb2607c209677c8') in 0.001925 seconds
  Import took 0.004117 seconds .

========================================================================
Received Import Request.
  Time since last request: 9.443480 seconds.
  path: Assets/Sprites/pipe.png
  artifactKey: Guid(c1c560b87ef1e834f92b2e0436bcd80e) Importer(815301076,1909f56bfc062723c751e8b465ee728b)
Start importing Assets/Sprites/pipe.png using Guid(c1c560b87ef1e834f92b2e0436bcd80e) Importer(815301076,1909f56bfc062723c751e8b465ee728b)  -> (artifact id: 'f902da013a18c89856864f04c9e40447') in 0.070548 seconds
  Import took 0.073045 seconds .

========================================================================
Received Import Request.
  Time since last request: 122.550017 seconds.
  path: Assets/Sprites/pipe.png
  artifactKey: Guid(c1c560b87ef1e834f92b2e0436bcd80e) Importer(815301076,1909f56bfc062723c751e8b465ee728b)
Start importing Assets/Sprites/pipe.png using Guid(c1c560b87ef1e834f92b2e0436bcd80e) Importer(815301076,1909f56bfc062723c751e8b465ee728b)  -> (artifact id: '199c95ca92407cc76fe14bf938fa842c') in 0.011740 seconds
  Import took 0.015165 seconds .

========================================================================
Received Import Request.
  Time since last request: 0.003042 seconds.
  path: Assets/Sprites/pipe.png
  artifactKey: Guid(c1c560b87ef1e834f92b2e0436bcd80e) Importer(815301076,1909f56bfc062723c751e8b465ee728b)
Start importing Assets/Sprites/pipe.png using Guid(c1c560b87ef1e834f92b2e0436bcd80e) Importer(815301076,1909f56bfc062723c751e8b465ee728b)  -> (artifact id: '199c95ca92407cc76fe14bf938fa842c') in 0.008509 seconds
  Import took 0.010979 seconds .

========================================================================
Received Import Request.
  Time since last request: 88.588448 seconds.
  path: Assets/Sprites/pipe-removebg-preview.png
  artifactKey: Guid(45b085d3ab6b67b44ad554b71609aee2) Importer(815301076,1909f56bfc062723c751e8b465ee728b)
Start importing Assets/Sprites/pipe-removebg-preview.png using Guid(45b085d3ab6b67b44ad554b71609aee2) Importer(815301076,1909f56bfc062723c751e8b465ee728b)  -> (artifact id: '73d2ceca0bb4b48f59c7a81835ff590c') in 0.013419 seconds
  Import took 0.016498 seconds .

========================================================================
Received Import Request.
  Time since last request: 46.150202 seconds.
  path: Assets/Sprites/pipe-removebg-preview.png
  artifactKey: Guid(45b085d3ab6b67b44ad554b71609aee2) Importer(815301076,1909f56bfc062723c751e8b465ee728b)
Start importing Assets/Sprites/pipe-removebg-preview.png using Guid(45b085d3ab6b67b44ad554b71609aee2) Importer(815301076,1909f56bfc062723c751e8b465ee728b)  -> (artifact id: 'd8960881af5ecd2f7de743527a517885') in 0.012308 seconds
  Import took 0.014827 seconds .

========================================================================
Received Import Request.
  Time since last request: 92.343336 seconds.
  path: Assets/Sprites/pipe-removebg-preview.png
  artifactKey: Guid(45b085d3ab6b67b44ad554b71609aee2) Importer(815301076,1909f56bfc062723c751e8b465ee728b)
Start importing Assets/Sprites/pipe-removebg-preview.png using Guid(45b085d3ab6b67b44ad554b71609aee2) Importer(815301076,1909f56bfc062723c751e8b465ee728b)  -> (artifact id: '6f75829e8267bfdc941b3b8f76e2bf1a') in 0.010099 seconds
  Import took 0.013091 seconds .

========================================================================
Received Prepare
Registering precompiled user dll's ...
Registered in 0.001040 seconds.
Begin MonoManager ReloadAssembly
Native extension for WindowsStandalone target not found
Refreshing native plugins compatible for Editor in 0.30 ms, found 1 plugins.
Preloading 0 native plugins for Editor in 0.00 ms.
Mono: successfully reloaded assembly
- Completed reload, in  0.631 seconds
Platform modules already initialized, skipping
Refreshing native plugins compatible for Editor in 0.28 ms, found 1 plugins.
Preloading 0 native plugins for Editor in 0.00 ms.
Unloading 1803 Unused Serialized files (Serialized files now loaded: 0)
System memory in use before: 87.9 MB.
System memory in use after: 87.9 MB.

Unloading 12 unused Assets to reduce memory usage. Loaded Objects now: 2263.
Total: 1.582400 ms (FindLiveObjects: 0.143800 ms CreateObjectMapping: 0.045700 ms MarkObjects: 1.278300 ms  DeleteObjects: 0.114000 ms)

========================================================================
Received Prepare
Registering precompiled user dll's ...
Registered in 0.001119 seconds.
Begin MonoManager ReloadAssembly
Native extension for WindowsStandalone target not found
Refreshing native plugins compatible for Editor in 0.29 ms, found 1 plugins.
Preloading 0 native plugins for Editor in 0.00 ms.
Mono: successfully reloaded assembly
- Completed reload, in  0.626 seconds
Platform modules already initialized, skipping
Refreshing native plugins compatible for Editor in 0.27 ms, found 1 plugins.
Preloading 0 native plugins for Editor in 0.00 ms.
Unloading 1803 Unused Serialized files (Serialized files now loaded: 0)
System memory in use before: 87.9 MB.
System memory in use after: 87.9 MB.

Unloading 12 unused Assets to reduce memory usage. Loaded Objects now: 2267.
Total: 1.511800 ms (FindLiveObjects: 0.143200 ms CreateObjectMapping: 0.048300 ms MarkObjects: 1.244100 ms  DeleteObjects: 0.075600 ms)

========================================================================
Received Import Request.
  Time since last request: 3437.074504 seconds.
  path: Assets/Sprites/Water_flow-removebg-preview.png
  artifactKey: Guid(d577873a8b353ba4ea94a2c59597340d) Importer(815301076,1909f56bfc062723c751e8b465ee728b)
Start importing Assets/Sprites/Water_flow-removebg-preview.png using Guid(d577873a8b353ba4ea94a2c59597340d) Importer(815301076,1909f56bfc062723c751e8b465ee728b)  -> (artifact id: 'a3767ef610caa3ae3e95192979e23fb5') in 0.035618 seconds
  Import took 0.037957 seconds .

========================================================================
Received Import Request.
  Time since last request: 73.284381 seconds.
  path: Assets/Sprites/Water_flow-removebg-preview.png
  artifactKey: Guid(d577873a8b353ba4ea94a2c59597340d) Importer(815301076,1909f56bfc062723c751e8b465ee728b)
Start importing Assets/Sprites/Water_flow-removebg-preview.png using Guid(d577873a8b353ba4ea94a2c59597340d) Importer(815301076,1909f56bfc062723c751e8b465ee728b)  -> (artifact id: 'ce4691703c2de4231e400e574b3a1cb2') in 0.008072 seconds
  Import took 0.010655 seconds .

========================================================================
Received Import Request.
  Time since last request: 0.020201 seconds.
  path: Assets/Sprites/Water_flow-removebg-preview.png
  artifactKey: Guid(d577873a8b353ba4ea94a2c59597340d) Importer(815301076,1909f56bfc062723c751e8b465ee728b)
Start importing Assets/Sprites/Water_flow-removebg-preview.png using Guid(d577873a8b353ba4ea94a2c59597340d) Importer(815301076,1909f56bfc062723c751e8b465ee728b)  -> (artifact id: 'ce4691703c2de4231e400e574b3a1cb2') in 0.005938 seconds
  Import took 0.008424 seconds .

========================================================================
Received Import Request.
  Time since last request: 490.033914 seconds.
  path: Assets/Sprites/Water_flow-removebg-preview (1).png
  artifactKey: Guid(cc2f6125574e7484fb3fc0f41ff57142) Importer(815301076,1909f56bfc062723c751e8b465ee728b)
Start importing Assets/Sprites/Water_flow-removebg-preview (1).png using Guid(cc2f6125574e7484fb3fc0f41ff57142) Importer(815301076,1909f56bfc062723c751e8b465ee728b)  -> (artifact id: 'e47276b8603616c943812f9ee55aa6fa') in 0.016576 seconds
  Import took 0.019921 seconds .

========================================================================
Received Import Request.
  Time since last request: 6.083326 seconds.
  path: Assets/Sprites/Water_flow-removebg-preview (1).png
  artifactKey: Guid(cc2f6125574e7484fb3fc0f41ff57142) Importer(815301076,1909f56bfc062723c751e8b465ee728b)
Start importing Assets/Sprites/Water_flow-removebg-preview (1).png using Guid(cc2f6125574e7484fb3fc0f41ff57142) Importer(815301076,1909f56bfc062723c751e8b465ee728b)  -> (artifact id: 'ce2ca51065c746aa798369d91732037b') in 0.007247 seconds
  Import took 0.009731 seconds .

========================================================================
Received Import Request.
  Time since last request: 47.720622 seconds.
  path: Assets/Sprites/Water_flow-removebg-preview (1).png
  artifactKey: Guid(cc2f6125574e7484fb3fc0f41ff57142) Importer(815301076,1909f56bfc062723c751e8b465ee728b)
Start importing Assets/Sprites/Water_flow-removebg-preview (1).png using Guid(cc2f6125574e7484fb3fc0f41ff57142) Importer(815301076,1909f56bfc062723c751e8b465ee728b)  -> (artifact id: '37c0407b25c7951f6bbaeaf031bd9684') in 0.039253 seconds
  Import took 0.042100 seconds .

AssetImportWorkerClient::OnTransportError - code=2 error=End of file
